#This file contains index list and other info


#********************************
# Species list with their indexes
1	O2	krome_idx_O2
2	O	krome_idx_O
3	M	krome_idx_M
4	O3	krome_idx_O3
5	CR	krome_idx_CR
6	g	krome_idx_g
7	Tgas	krome_idx_Tgas
8	dummy	krome_idx_dummy

#Note: the first 4 variables above should be used
# as framework code passive scalars, while the last 4
# are employed inside KROME.


#********************************
# Species in a Python list of strings
["O2", "O", "M", "O3", "CR", "g", "Tgas", "dummy", ]


#********************************
#useful parameters
krome_nrea           = 8    !number of reactions
krome_nmols          = 4    !number of chemical species
krome_nspec          = 8    !number of species including Tgas,CR,...
krome_ndust          = 0    !number of dust bins (total)
krome_ndustTypes     = 0    !number of dust types
krome_nPhotoBins     = 0    !number of radiation bins
krome_nPhotoRates    = 0    !number of photochemical reactions


#********************************
#list of reactions (including with multiple limits)
1	O2 + O + M -> O3 + M
2	O3 + O -> O2 + O2
3	O2 -> O + O
4	O3 -> O2 + O
5	O3 + M -> O2 + O + M (REV)
6	O2 + O2 -> O3 + O (REV)
7	O + O -> O2 (REV)
8	O2 + O -> O3 (REV)


#********************************
#list of reactions (without multiple limits)
1	O3 + M -> O2 + O + M (REV)
2	O3 + O -> O2 + O2
3	O3 -> O2 + O
4	O2 + O2 -> O3 + O (REV)
5	O2 + O -> O3 (REV)
6	O2 + O + M -> O3 + M
7	O + O -> O2 (REV)
8	O2 -> O + O


#********************************
#list of reactions (LaTeX format)
#Table columns format {llllllclllll}
 1 & O$_2$ & + & O & + & M & $\to$ & O$_3$ & + & M & + & \\
 2 & O$_3$ & + & O & & & $\to$ & O$_2$ & + & O$_2$ & + & \\
 3 & O$_2$ & & & + &  & $\to$ & O & + & O & + & \\
 4 & O$_3$ & & & + &  & $\to$ & O$_2$ & + & O & + & \\
 5 & O$_3$ & + & M & & & $\to$ & O$_2$ & + & O & + & M\\
 6 & O$_2$ & + & O$_2$ & & & $\to$ & O$_3$ & + & O & + & \\
 7 & O & + & O & & & $\to$ & O$_2$ & & & + & \\
 8 & O$_2$ & + & O & & & $\to$ & O$_3$ & & & + & \\
